<?xml version="1.0" encoding="UTF-8"?>
<testsuite xmlns:xsi="http://www.w3.org/2001/XMLSchema-instance" xsi:noNamespaceSchemaLocation="https://maven.apache.org/surefire/maven-surefire-plugin/xsd/surefire-test-report-3.0.xsd" version="3.0" name="com.cryptoforge.codec.CodecRegistryTest" time="0.011" tests="11" errors="0" skipped="0" failures="0">
  <properties>
[...]
</properties>
  <testcase name="testBase64Equivalence" classname="com.cryptoforge.codec.CodecRegistryTest" time="0.0"/>
  <testcase name="testHexEquivalence" classname="com.cryptoforge.codec.CodecRegistryTest" time="0.001"/>
  <testcase name="testBase32Equivalence" classname="com.cryptoforge.codec.CodecRegistryTest" time="0.0"/>
  <testcase name="testIso88591Equivalence" classname="com.cryptoforge.codec.CodecRegistryTest" time="0.001"/>
  <testcase name="testUtf8EquivalenceAndStrictness" classname="com.cryptoforge.codec.CodecRegistryTest" time="0.001"/>
  <testcase name="testBase64UrlEquivalenceAndStrictness" classname="com.cryptoforge.codec.CodecRegistryTest" time="0.0"/>
  <testcase name="testBase58" classname="com.cryptoforge.codec.CodecRegistryTest" time="0.0"/>
  <testcase name="testBinaryEquivalence" classname="com.cryptoforge.codec.CodecRegistryTest" time="0.0"/>
  <testcase name="testAsciiEquivalence" classname="com.cryptoforge.codec.CodecRegistryTest" time="0.0"/>
  <testcase name="testBase58Check" classname="com.cryptoforge.codec.CodecRegistryTest" time="0.001"/>
  <testcase name="testDecimalEquivalence" classname="com.cryptoforge.codec.CodecRegistryTest" time="0.001"/>
</testsuite>